{
  stack: "Error: ER_WRONG_VALUE_COUNT_ON_ROW: Column count doesn't match value count at row 1\n" +
    '    at Sequence._packetToError (C:\\Users\\Teejaey\\Desktop\\Projects\\foodapp\\node_modules\\.pnpm\\mysql@2.18.1\\node_modules\\mysql\\lib\\protocol\\sequences\\Sequence.js:47:14)\n' +
    '    at Query.ErrorPacket (C:\\Users\\Teejaey\\Desktop\\Projects\\foodapp\\node_modules\\.pnpm\\mysql@2.18.1\\node_modules\\mysql\\lib\\protocol\\sequences\\Query.js:79:18)\n' +
    '    at Protocol._parsePacket (C:\\Users\\Teejaey\\Desktop\\Projects\\foodapp\\node_modules\\.pnpm\\mysql@2.18.1\\node_modules\\mysql\\lib\\protocol\\Protocol.js:291:23)\n' +
    '    at Parser._parsePacket (C:\\Users\\Teejaey\\Desktop\\Projects\\foodapp\\node_modules\\.pnpm\\mysql@2.18.1\\node_modules\\mysql\\lib\\protocol\\Parser.js:433:10)\n' +
    '    at Parser.write (C:\\Users\\Teejaey\\Desktop\\Projects\\foodapp\\node_modules\\.pnpm\\mysql@2.18.1\\node_modules\\mysql\\lib\\protocol\\Parser.js:43:10)\n' +
    '    at Protocol.write (C:\\Users\\Teejaey\\Desktop\\Projects\\foodapp\\node_modules\\.pnpm\\mysql@2.18.1\\node_modules\\mysql\\lib\\protocol\\Protocol.js:38:16)\n' +
    '    at Socket.<anonymous> (C:\\Users\\Teejaey\\Desktop\\Projects\\foodapp\\node_modules\\.pnpm\\mysql@2.18.1\\node_modules\\mysql\\lib\\Connection.js:88:28)\n' +
    '    at Socket.<anonymous> (C:\\Users\\Teejaey\\Desktop\\Projects\\foodapp\\node_modules\\.pnpm\\mysql@2.18.1\\node_modules\\mysql\\lib\\Connection.js:526:10)\n' +
    '    at Socket.emit (node:events:518:28)\n' +
    '    at addChunk (node:internal/streams/readable:559:12)\n' +
    '    --------------------\n' +
    '    at Protocol._enqueue (C:\\Users\\Teejaey\\Desktop\\Projects\\foodapp\\node_modules\\.pnpm\\mysql@2.18.1\\node_modules\\mysql\\lib\\protocol\\Protocol.js:144:48)\n' +
    '    at Connection.query (C:\\Users\\Teejaey\\Desktop\\Projects\\foodapp\\node_modules\\.pnpm\\mysql@2.18.1\\node_modules\\mysql\\lib\\Connection.js:198:25)\n' +
    '    at C:\\Users\\Teejaey\\Desktop\\Projects\\foodapp\\dist\\utils\\mysqlApi.js:165:33\n' +
    '    at new Promise (<anonymous>)\n' +
    '    at dbQueries.insert (C:\\Users\\Teejaey\\Desktop\\Projects\\foodapp\\dist\\utils\\mysqlApi.js:155:20)\n' +
    '    at C:\\Users\\Teejaey\\Desktop\\Projects\\foodapp\\dist\\controllers\\orders.js:39:38\n' +
    '    at Generator.next (<anonymous>)\n' +
    '    at fulfilled (C:\\Users\\Teejaey\\Desktop\\Projects\\foodapp\\dist\\controllers\\orders.js:5:58)\n' +
    '    at process.processTicksAndRejections (node:internal/process/task_queues:95:5)',
  level: 'error',
  message: "ER_WRONG_VALUE_COUNT_ON_ROW: Column count doesn't match value count at row 1",
  timestamp: '2024-05-13T10:11:07.952Z'
}
{
  stack: "Error: ER_PARSE_ERROR: You have an error in your SQL syntax; check the manual that corresponds to your MariaDB server version for the right syntax to use near '{+id}' at line 1\n" +
    '    at Sequence._packetToError (C:\\Users\\Teejaey\\Desktop\\Projects\\foodapp\\node_modules\\.pnpm\\mysql@2.18.1\\node_modules\\mysql\\lib\\protocol\\sequences\\Sequence.js:47:14)\n' +
    '    at Query.ErrorPacket (C:\\Users\\Teejaey\\Desktop\\Projects\\foodapp\\node_modules\\.pnpm\\mysql@2.18.1\\node_modules\\mysql\\lib\\protocol\\sequences\\Query.js:79:18)\n' +
    '    at Protocol._parsePacket (C:\\Users\\Teejaey\\Desktop\\Projects\\foodapp\\node_modules\\.pnpm\\mysql@2.18.1\\node_modules\\mysql\\lib\\protocol\\Protocol.js:291:23)\n' +
    '    at Parser._parsePacket (C:\\Users\\Teejaey\\Desktop\\Projects\\foodapp\\node_modules\\.pnpm\\mysql@2.18.1\\node_modules\\mysql\\lib\\protocol\\Parser.js:433:10)\n' +
    '    at Parser.write (C:\\Users\\Teejaey\\Desktop\\Projects\\foodapp\\node_modules\\.pnpm\\mysql@2.18.1\\node_modules\\mysql\\lib\\protocol\\Parser.js:43:10)\n' +
    '    at Protocol.write (C:\\Users\\Teejaey\\Desktop\\Projects\\foodapp\\node_modules\\.pnpm\\mysql@2.18.1\\node_modules\\mysql\\lib\\protocol\\Protocol.js:38:16)\n' +
    '    at Socket.<anonymous> (C:\\Users\\Teejaey\\Desktop\\Projects\\foodapp\\node_modules\\.pnpm\\mysql@2.18.1\\node_modules\\mysql\\lib\\Connection.js:88:28)\n' +
    '    at Socket.<anonymous> (C:\\Users\\Teejaey\\Desktop\\Projects\\foodapp\\node_modules\\.pnpm\\mysql@2.18.1\\node_modules\\mysql\\lib\\Connection.js:526:10)\n' +
    '    at Socket.emit (node:events:518:28)\n' +
    '    at addChunk (node:internal/streams/readable:559:12)\n' +
    '    --------------------\n' +
    '    at Protocol._enqueue (C:\\Users\\Teejaey\\Desktop\\Projects\\foodapp\\node_modules\\.pnpm\\mysql@2.18.1\\node_modules\\mysql\\lib\\protocol\\Protocol.js:144:48)\n' +
    '    at Connection.query (C:\\Users\\Teejaey\\Desktop\\Projects\\foodapp\\node_modules\\.pnpm\\mysql@2.18.1\\node_modules\\mysql\\lib\\Connection.js:198:25)\n' +
    '    at C:\\Users\\Teejaey\\Desktop\\Projects\\foodapp\\dist\\utils\\mysqlApi.js:42:33\n' +
    '    at new Promise (<anonymous>)\n' +
    '    at dbQueries.query (C:\\Users\\Teejaey\\Desktop\\Projects\\foodapp\\dist\\utils\\mysqlApi.js:41:20)\n' +
    '    at C:\\Users\\Teejaey\\Desktop\\Projects\\foodapp\\dist\\controllers\\orders.js:27:47\n' +
    '    at Generator.next (<anonymous>)\n' +
    '    at C:\\Users\\Teejaey\\Desktop\\Projects\\foodapp\\dist\\controllers\\orders.js:8:71\n' +
    '    at new Promise (<anonymous>)\n' +
    '    at __awaiter (C:\\Users\\Teejaey\\Desktop\\Projects\\foodapp\\dist\\controllers\\orders.js:4:12)',
  level: 'error',
  message: "ER_PARSE_ERROR: You have an error in your SQL syntax; check the manual that corresponds to your MariaDB server version for the right syntax to use near '{+id}' at line 1",
  timestamp: '2024-05-13T12:07:29.875Z'
}
{
  stack: "Error: ER_PARSE_ERROR: You have an error in your SQL syntax; check the manual that corresponds to your MariaDB server version for the right syntax to use near '{+id}' at line 1\n" +
    '    at Sequence._packetToError (C:\\Users\\Teejaey\\Desktop\\Projects\\foodapp\\node_modules\\.pnpm\\mysql@2.18.1\\node_modules\\mysql\\lib\\protocol\\sequences\\Sequence.js:47:14)\n' +
    '    at Query.ErrorPacket (C:\\Users\\Teejaey\\Desktop\\Projects\\foodapp\\node_modules\\.pnpm\\mysql@2.18.1\\node_modules\\mysql\\lib\\protocol\\sequences\\Query.js:79:18)\n' +
    '    at Protocol._parsePacket (C:\\Users\\Teejaey\\Desktop\\Projects\\foodapp\\node_modules\\.pnpm\\mysql@2.18.1\\node_modules\\mysql\\lib\\protocol\\Protocol.js:291:23)\n' +
    '    at Parser._parsePacket (C:\\Users\\Teejaey\\Desktop\\Projects\\foodapp\\node_modules\\.pnpm\\mysql@2.18.1\\node_modules\\mysql\\lib\\protocol\\Parser.js:433:10)\n' +
    '    at Parser.write (C:\\Users\\Teejaey\\Desktop\\Projects\\foodapp\\node_modules\\.pnpm\\mysql@2.18.1\\node_modules\\mysql\\lib\\protocol\\Parser.js:43:10)\n' +
    '    at Protocol.write (C:\\Users\\Teejaey\\Desktop\\Projects\\foodapp\\node_modules\\.pnpm\\mysql@2.18.1\\node_modules\\mysql\\lib\\protocol\\Protocol.js:38:16)\n' +
    '    at Socket.<anonymous> (C:\\Users\\Teejaey\\Desktop\\Projects\\foodapp\\node_modules\\.pnpm\\mysql@2.18.1\\node_modules\\mysql\\lib\\Connection.js:88:28)\n' +
    '    at Socket.<anonymous> (C:\\Users\\Teejaey\\Desktop\\Projects\\foodapp\\node_modules\\.pnpm\\mysql@2.18.1\\node_modules\\mysql\\lib\\Connection.js:526:10)\n' +
    '    at Socket.emit (node:events:518:28)\n' +
    '    at addChunk (node:internal/streams/readable:559:12)\n' +
    '    --------------------\n' +
    '    at Protocol._enqueue (C:\\Users\\Teejaey\\Desktop\\Projects\\foodapp\\node_modules\\.pnpm\\mysql@2.18.1\\node_modules\\mysql\\lib\\protocol\\Protocol.js:144:48)\n' +
    '    at Connection.query (C:\\Users\\Teejaey\\Desktop\\Projects\\foodapp\\node_modules\\.pnpm\\mysql@2.18.1\\node_modules\\mysql\\lib\\Connection.js:198:25)\n' +
    '    at C:\\Users\\Teejaey\\Desktop\\Projects\\foodapp\\dist\\utils\\mysqlApi.js:42:33\n' +
    '    at new Promise (<anonymous>)\n' +
    '    at dbQueries.query (C:\\Users\\Teejaey\\Desktop\\Projects\\foodapp\\dist\\utils\\mysqlApi.js:41:20)\n' +
    '    at C:\\Users\\Teejaey\\Desktop\\Projects\\foodapp\\dist\\controllers\\orders.js:26:47\n' +
    '    at Generator.next (<anonymous>)\n' +
    '    at C:\\Users\\Teejaey\\Desktop\\Projects\\foodapp\\dist\\controllers\\orders.js:8:71\n' +
    '    at new Promise (<anonymous>)\n' +
    '    at __awaiter (C:\\Users\\Teejaey\\Desktop\\Projects\\foodapp\\dist\\controllers\\orders.js:4:12)',
  level: 'error',
  message: "ER_PARSE_ERROR: You have an error in your SQL syntax; check the manual that corresponds to your MariaDB server version for the right syntax to use near '{+id}' at line 1",
  timestamp: '2024-05-13T12:08:13.937Z'
}
{
  stack: "Error: ER_BAD_NULL_ERROR: Column 'image' cannot be null\n" +
    '    at Sequence._packetToError (C:\\Users\\Teejaey\\Desktop\\Projects\\foodapp\\node_modules\\.pnpm\\mysql@2.18.1\\node_modules\\mysql\\lib\\protocol\\sequences\\Sequence.js:47:14)\n' +
    '    at Query.ErrorPacket (C:\\Users\\Teejaey\\Desktop\\Projects\\foodapp\\node_modules\\.pnpm\\mysql@2.18.1\\node_modules\\mysql\\lib\\protocol\\sequences\\Query.js:79:18)\n' +
    '    at Protocol._parsePacket (C:\\Users\\Teejaey\\Desktop\\Projects\\foodapp\\node_modules\\.pnpm\\mysql@2.18.1\\node_modules\\mysql\\lib\\protocol\\Protocol.js:291:23)\n' +
    '    at Parser._parsePacket (C:\\Users\\Teejaey\\Desktop\\Projects\\foodapp\\node_modules\\.pnpm\\mysql@2.18.1\\node_modules\\mysql\\lib\\protocol\\Parser.js:433:10)\n' +
    '    at Parser.write (C:\\Users\\Teejaey\\Desktop\\Projects\\foodapp\\node_modules\\.pnpm\\mysql@2.18.1\\node_modules\\mysql\\lib\\protocol\\Parser.js:43:10)\n' +
    '    at Protocol.write (C:\\Users\\Teejaey\\Desktop\\Projects\\foodapp\\node_modules\\.pnpm\\mysql@2.18.1\\node_modules\\mysql\\lib\\protocol\\Protocol.js:38:16)\n' +
    '    at Socket.<anonymous> (C:\\Users\\Teejaey\\Desktop\\Projects\\foodapp\\node_modules\\.pnpm\\mysql@2.18.1\\node_modules\\mysql\\lib\\Connection.js:88:28)\n' +
    '    at Socket.<anonymous> (C:\\Users\\Teejaey\\Desktop\\Projects\\foodapp\\node_modules\\.pnpm\\mysql@2.18.1\\node_modules\\mysql\\lib\\Connection.js:526:10)\n' +
    '    at Socket.emit (node:events:518:28)\n' +
    '    at addChunk (node:internal/streams/readable:559:12)\n' +
    '    --------------------\n' +
    '    at Protocol._enqueue (C:\\Users\\Teejaey\\Desktop\\Projects\\foodapp\\node_modules\\.pnpm\\mysql@2.18.1\\node_modules\\mysql\\lib\\protocol\\Protocol.js:144:48)\n' +
    '    at Connection.query (C:\\Users\\Teejaey\\Desktop\\Projects\\foodapp\\node_modules\\.pnpm\\mysql@2.18.1\\node_modules\\mysql\\lib\\Connection.js:198:25)\n' +
    '    at C:\\Users\\Teejaey\\Desktop\\Projects\\foodapp\\dist\\utils\\mysqlApi.js:165:33\n' +
    '    at new Promise (<anonymous>)\n' +
    '    at dbQueries.insert (C:\\Users\\Teejaey\\Desktop\\Projects\\foodapp\\dist\\utils\\mysqlApi.js:155:20)\n' +
    '    at C:\\Users\\Teejaey\\Desktop\\Projects\\foodapp\\dist\\controllers\\blogs.js:31:30\n' +
    '    at Generator.next (<anonymous>)\n' +
    '    at C:\\Users\\Teejaey\\Desktop\\Projects\\foodapp\\dist\\controllers\\blogs.js:8:71\n' +
    '    at new Promise (<anonymous>)\n' +
    '    at __awaiter (C:\\Users\\Teejaey\\Desktop\\Projects\\foodapp\\dist\\controllers\\blogs.js:4:12)',
  level: 'error',
  message: "ER_BAD_NULL_ERROR: Column 'image' cannot be null",
  timestamp: '2024-05-13T14:47:26.913Z'
}
{
  stack: 'MulterError: Unexpected field\n' +
    '    at wrappedFileFilter (C:\\Users\\Teejaey\\Desktop\\Projects\\foodapp\\node_modules\\.pnpm\\multer@1.4.5-lts.1\\node_modules\\multer\\index.js:40:19)\n' +
    '    at Multipart.<anonymous> (C:\\Users\\Teejaey\\Desktop\\Projects\\foodapp\\node_modules\\.pnpm\\multer@1.4.5-lts.1\\node_modules\\multer\\lib\\make-middleware.js:107:7)\n' +
    '    at Multipart.emit (node:events:518:28)\n' +
    '    at HeaderParser.cb (C:\\Users\\Teejaey\\Desktop\\Projects\\foodapp\\node_modules\\.pnpm\\busboy@1.6.0\\node_modules\\busboy\\lib\\types\\multipart.js:358:14)\n' +
    '    at HeaderParser.push (C:\\Users\\Teejaey\\Desktop\\Projects\\foodapp\\node_modules\\.pnpm\\busboy@1.6.0\\node_modules\\busboy\\lib\\types\\multipart.js:162:20)\n' +
    '    at SBMH.ssCb [as _cb] (C:\\Users\\Teejaey\\Desktop\\Projects\\foodapp\\node_modules\\.pnpm\\busboy@1.6.0\\node_modules\\busboy\\lib\\types\\multipart.js:394:37)\n' +
    '    at feed (C:\\Users\\Teejaey\\Desktop\\Projects\\foodapp\\node_modules\\.pnpm\\streamsearch@1.1.0\\node_modules\\streamsearch\\lib\\sbmh.js:248:10)\n' +
    '    at SBMH.push (C:\\Users\\Teejaey\\Desktop\\Projects\\foodapp\\node_modules\\.pnpm\\streamsearch@1.1.0\\node_modules\\streamsearch\\lib\\sbmh.js:104:16)\n' +
    '    at Multipart._write (C:\\Users\\Teejaey\\Desktop\\Projects\\foodapp\\node_modules\\.pnpm\\busboy@1.6.0\\node_modules\\busboy\\lib\\types\\multipart.js:567:19)\n' +
    '    at writeOrBuffer (node:internal/streams/writable:564:12)',
  level: 'error',
  message: 'Unexpected field',
  timestamp: '2024-05-13T15:12:45.042Z'
}
